<?xml version="1.0" encoding="UTF-8"?>
<!-- Generated by org.testng.reporters.JUnitXMLReporter -->
<testsuite hostname="BTDVLVIKASMA" ignored="0" name="Test" tests="3" failures="1" timestamp="29 Jun 2018 07:00:12 GMT" time="0.12" errors="0">
  <testcase name="testCaseToValidateNodeName" time="0.016" classname="readFile.TestCases"/>
  <testcase name="testCaseToValidatePrice" time="0.004" classname="readFile.TestCases">
    <failure type="java.lang.AssertionError" message="expected:&amp;lt;44&amp;gt; but was:&amp;lt;44.95&amp;gt;">
      <![CDATA[java.lang.AssertionError: expected:<44> but was:<44.95>
at org.junit.Assert.fail(Assert.java:88)
at org.junit.Assert.failNotEquals(Assert.java:834)
at org.junit.Assert.assertEquals(Assert.java:118)
at org.junit.Assert.assertEquals(Assert.java:144)
at readFile.TestCases.testCaseToValidatePrice(TestCases.java:55)
... Removed 25 stack frames]]>
    </failure>
  </testcase> <!-- testCaseToValidatePrice -->
  <testcase name="testCaseToValidationAuthorName" time="0.002" classname="readFile.TestCases"/>
</testsuite> <!-- Test -->
