<?xml version="1.0" encoding="UTF-8"?>
<!-- Generated by org.testng.reporters.JUnitXMLReporter -->
<testsuite hostname="BTDVLVIKASMA" ignored="0" name="Test" tests="3" failures="1" timestamp="29 Jun 2018 07:45:21 GMT" time="0.03" errors="0">
  <testcase name="testCaseToValidateNodeName" time="0.002" classname="readFile.TestCases"/>
  <testcase name="testCaseToValidatePrice" time="0.0" classname="readFile.TestCases">
    <failure type="java.lang.AssertionError" message="expected [44.95] but found [44]">
      <![CDATA[java.lang.AssertionError: expected [44.95] but found [44]
at readFile.TestCases.testCaseToValidatePrice(TestCases.java:58)
... Removed 34 stack frames]]>
    </failure>
  </testcase> <!-- testCaseToValidatePrice -->
  <testcase name="testCaseToValidationAuthorName" time="0.0" classname="readFile.TestCases"/>
</testsuite> <!-- Test -->
